<?xml version="1.0" encoding="UTF-8"?>
<!-- Generated by org.testng.reporters.JUnitXMLReporter -->
<testsuite ignored="3" hostname="DESKTOP-HPDBO82" failures="0" tests="1" name="Default test" time="52.208" errors="0" timestamp="2023-08-01T14:01:13 IST">
  <testcase classname="tests.ScrollPageWithTestNG" name="test2" time="2.522"/>
  <testcase classname="tests.ScrollPageWithTestNG" name="test4" time="0.0">
    <ignored/>
  </testcase> <!-- test4 -->
  <testcase classname="tests.ScrollPageWithTestNG" name="test3" time="0.0">
    <ignored/>
  </testcase> <!-- test3 -->
  <testcase classname="tests.ScrollPageWithTestNG" name="test1" time="0.0">
    <ignored/>
  </testcase> <!-- test1 -->
</testsuite> <!-- Default test -->
